<?xml version="1.0" encoding="UTF-8"?>
<!-- Generated by org.testng.reporters.JUnitReportReporter -->
<testsuite hostname="BLACKGAURD" failures="0" tests="1" name="com.Test.SignUp.Account" time="10.199" errors="0" timestamp="01 Mar 2021 05:51:42 GMT" skipped="0">
  <testcase classname="com.Test.SignUp.Account" name="testCaseOne" time="10.199"/>
</testsuite> <!-- com.Test.SignUp.Account -->
