<?xml version="1.0" encoding="UTF-8"?>
<!-- Generated by org.testng.reporters.JUnitReportReporter -->
<testsuite hostname="BLACKGAURD" failures="0" tests="1" name="com.Examples.SeleniumProjectTries.NewTest" time="0.010" errors="0" timestamp="2021-03-03T15:59:54 IST" skipped="0">
  <testcase classname="com.Examples.SeleniumProjectTries.NewTest" name="f" time="0.010"/>
  <system-out/>
</testsuite> <!-- com.Examples.SeleniumProjectTries.NewTest -->
